Mon May  5 08:24:34 AM CEST 2025: All external monitors disconnected
Mon May  5 08:25:08 CEST 2025: All external monitors disconnected
Mon May  5 08:25:19 CEST 2025: All external monitors disconnected
Mon May  5 08:25:39 CEST 2025: All external monitors disconnected
Mon May  5 08:25:47 CEST 2025: All external monitors disconnected
Mon May  5 08:25:51 CEST 2025: All external monitors disconnected
Mon May  5 08:25:59 AM CEST 2025: All external monitors disconnected
Mon May  5 08:26:42 CEST 2025: All external monitors disconnected
Mon May  5 08:26:49 CEST 2025: All external monitors disconnected
Mon May  5 08:26:52 CEST 2025: All external monitors disconnected
Mon May  5 08:27:06 CEST 2025: All external monitors disconnected
Mon May  5 08:27:12 CEST 2025: All external monitors disconnected
Mon May  5 08:28:05 CEST 2025: All external monitors disconnected
Mon May  5 08:28:06 CEST 2025: All external monitors disconnected
Mon May  5 08:28:25 CEST 2025: All external monitors disconnected
Mon May  5 08:28:26 CEST 2025: All external monitors disconnected
Mon May  5 08:28:33 AM CEST 2025: External monitor connected (one of: DisplayPort-1)
Mon May  5 08:28:41 CEST 2025: All external monitors disconnected
Mon May  5 08:28:43 AM CEST 2025: All external monitors disconnected
Mon May  5 08:28:50 CEST 2025: All external monitors disconnected
Mon May  5 08:29:41 CEST 2025: All external monitors disconnected
Mon May  5 08:29:46 CEST 2025: All external monitors disconnected
Mon May  5 08:29:48 CEST 2025: All external monitors disconnected
Mon May  5 08:30:01 AM CEST 2025: External monitor connected (one of: DisplayPort-1)
Mon May  5 08:30:11 CEST 2025: All external monitors disconnected
Mon May  5 08:30:23 AM CEST 2025: All external monitors disconnected
Mon May  5 08:30:38 CEST 2025: All external monitors disconnected
Mon May  5 08:34:53 CEST 2025: All external monitors disconnected
Mon May  5 08:34:53 CEST 2025: External monitor connected (one of: DisplayPort-1)
Mon May  5 08:34:53 CEST 2025: External monitor connected (one of: DisplayPort-1)
Mon May  5 08:34:53 CEST 2025: External monitor connected (one of: DisplayPort-1)
Mon May  5 08:34:53 CEST 2025: External monitor connected (one of: DisplayPort-1)
Mon May  5 08:34:53 CEST 2025: External monitor connected (one of: DisplayPort-1)
Mon May  5 08:35:15 CEST 2025: All external monitors disconnected
Mon May  5 08:35:21 CEST 2025: External monitor connected (one of: DisplayPort-1)
Mon May  5 08:35:42 CEST 2025: All external monitors disconnected
Mon May  5 08:35:42 CEST 2025: External monitor connected (one of: DisplayPort-1)
Mon May  5 08:35:45 CEST 2025: All external monitors disconnected
Mon May  5 08:35:46 CEST 2025: External monitor connected (one of: DisplayPort-1)
Mon May  5 08:36:00 CEST 2025: All external monitors disconnected
Mon May  5 08:36:06 CEST 2025: External monitor connected (one of: DisplayPort-1)
Mon May  5 08:36:13 AM CEST 2025: External monitor connected (one of: DisplayPort-1)
Mon May  5 08:38:05 CEST 2025: All external monitors disconnected
Mon May  5 08:38:20 AM CEST 2025: All external monitors disconnected
Mon May  5 08:38:25 CEST 2025: External monitor connected (one of: DisplayPort-1)
Mon May  5 08:38:43 CEST 2025: External monitor connected (one of: DisplayPort-1)
Mon May  5 08:40:00 AM CEST 2025: External monitor connected (one of: DisplayPort-1)
Mon May  5 08:40:01 CEST 2025: All external monitors disconnected
Mon May  5 08:40:02 CEST 2025: External monitor connected (one of: DisplayPort-1)
Mon May  5 08:40:29 AM CEST 2025: External monitor connected (one of: DisplayPort-1)
Mon May  5 08:41:00 AM CEST 2025: External monitor connected (one of: DisplayPort-1)
Mon May  5 08:42:27 CEST 2025: All external monitors disconnected
Mon May  5 08:42:34 CEST 2025: External monitor connected (one of: DisplayPort-1)
Mon May  5 08:42:48 CEST 2025: All external monitors disconnected
Mon May  5 08:43:30 AM CEST 2025: All external monitors disconnected
Mon May  5 08:43:35 CEST 2025: External monitor connected (one of: DisplayPort-1)
Mon May  5 08:43:36 CEST 2025: All external monitors disconnected
Mon May  5 08:43:37 CEST 2025: External monitor connected (one of: DisplayPort-1)
Mon May  5 09:14:47 CEST 2025: All external monitors disconnected
Mon May  5 09:14:54 CEST 2025: External monitor connected (one of: DisplayPort-1)
Mon May  5 11:09:13 CEST 2025: All external monitors disconnected
Mon May  5 11:09:24 CEST 2025: External monitor connected (one of: DisplayPort-1)
Mon May  5 11:26:17 CEST 2025: All external monitors disconnected
Mon May  5 11:26:20 CEST 2025: External monitor connected (one of: DisplayPort-1)
Mon May  5 11:26:24 CEST 2025: All external monitors disconnected
Mon May  5 11:26:46 CEST 2025: External monitor connected (one of: DisplayPort-1)
Mon May  5 11:40:59 CEST 2025: All external monitors disconnected
Mon May  5 11:40:59 CEST 2025: All external monitors disconnected
Mon May  5 11:46:37 CEST 2025: All external monitors disconnected
Mon May  5 11:46:37 CEST 2025: All external monitors disconnected
Mon May  5 11:56:27 CEST 2025: All external monitors disconnected
Mon May  5 11:56:27 CEST 2025: All external monitors disconnected
Mon May  5 11:59:27 CEST 2025: All external monitors disconnected
Mon May  5 11:59:27 CEST 2025: All external monitors disconnected
Mon May  5 12:02:27 CEST 2025: All external monitors disconnected
Mon May  5 12:02:27 CEST 2025: All external monitors disconnected
Mon May  5 12:02:27 CEST 2025: All external monitors disconnected
Mon May  5 12:02:27 CEST 2025: All external monitors disconnected
Mon May  5 12:02:27 CEST 2025: All external monitors disconnected
Mon May  5 12:02:27 CEST 2025: All external monitors disconnected
Mon May  5 12:02:27 CEST 2025: All external monitors disconnected
Mon May  5 12:02:27 CEST 2025: All external monitors disconnected
Mon May  5 12:02:28 CEST 2025: All external monitors disconnected
Mon May  5 12:02:28 CEST 2025: All external monitors disconnected
Mon May  5 12:02:28 CEST 2025: All external monitors disconnected
Mon May  5 12:02:28 CEST 2025: All external monitors disconnected
Mon May  5 12:02:28 CEST 2025: All external monitors disconnected
Mon May  5 12:02:28 CEST 2025: All external monitors disconnected
Mon May  5 12:02:28 CEST 2025: All external monitors disconnected
Mon May  5 12:02:28 CEST 2025: All external monitors disconnected
Mon May  5 12:02:38 CEST 2025: All external monitors disconnected
Mon May  5 12:02:41 CEST 2025: All external monitors disconnected
Mon May  5 12:07:55 CEST 2025: All external monitors disconnected
Mon May  5 12:07:55 CEST 2025: All external monitors disconnected
Mon May  5 12:10:55 CEST 2025: All external monitors disconnected
Mon May  5 12:10:55 CEST 2025: All external monitors disconnected
Mon May  5 12:13:56 CEST 2025: All external monitors disconnected
Mon May  5 12:13:56 CEST 2025: All external monitors disconnected
Mon May  5 12:16:56 CEST 2025: All external monitors disconnected
Mon May  5 12:16:56 CEST 2025: All external monitors disconnected
Mon May  5 12:19:56 CEST 2025: All external monitors disconnected
Mon May  5 12:20:00 CEST 2025: All external monitors disconnected
Mon May  5 12:23:00 CEST 2025: All external monitors disconnected
Mon May  5 12:26:01 CEST 2025: All external monitors disconnected
Mon May  5 12:26:01 CEST 2025: All external monitors disconnected
Mon May  5 12:26:01 CEST 2025: All external monitors disconnected
Mon May  5 12:26:01 CEST 2025: All external monitors disconnected
Mon May  5 13:13:42 CEST 2025: All external monitors disconnected
Mon May  5 13:16:42 CEST 2025: All external monitors disconnected
Mon May  5 13:19:42 CEST 2025: All external monitors disconnected
Mon May  5 13:22:43 CEST 2025: All external monitors disconnected
Mon May  5 13:26:20 CEST 2025: All external monitors disconnected
Mon May  5 13:26:20 CEST 2025: All external monitors disconnected
Mon May  5 13:26:20 CEST 2025: All external monitors disconnected
Mon May  5 13:26:20 CEST 2025: All external monitors disconnected
Mon May  5 13:26:20 CEST 2025: All external monitors disconnected
Mon May  5 13:26:20 CEST 2025: All external monitors disconnected
Mon May  5 13:26:20 CEST 2025: All external monitors disconnected
Mon May  5 13:26:21 CEST 2025: All external monitors disconnected
Mon May  5 13:26:21 CEST 2025: All external monitors disconnected
Mon May  5 13:26:21 CEST 2025: All external monitors disconnected
Mon May  5 16:42:17 CEST 2025: All external monitors disconnected
Mon May  5 19:32:28 CEST 2025: All external monitors disconnected
Mon May  5 19:32:28 CEST 2025: All external monitors disconnected
Mon May  5 19:32:28 CEST 2025: All external monitors disconnected
Mon May  5 19:32:28 CEST 2025: All external monitors disconnected
Mon May  5 19:32:28 CEST 2025: All external monitors disconnected
Mon May  5 19:32:28 CEST 2025: All external monitors disconnected
Mon May  5 19:32:28 CEST 2025: All external monitors disconnected
Mon May  5 19:32:28 CEST 2025: All external monitors disconnected
Mon May  5 19:32:28 CEST 2025: All external monitors disconnected
Mon May  5 19:32:28 CEST 2025: All external monitors disconnected
Mon May  5 20:03:32 CEST 2025: All external monitors disconnected
Mon May  5 20:03:35 CEST 2025: All external monitors disconnected
Mon May  5 20:07:41 CEST 2025: All external monitors disconnected
Mon May  5 20:07:41 CEST 2025: All external monitors disconnected
Mon May  5 20:07:41 CEST 2025: All external monitors disconnected
Mon May  5 20:07:42 CEST 2025: All external monitors disconnected
Mon May  5 20:07:42 CEST 2025: All external monitors disconnected
Mon May  5 20:07:42 CEST 2025: All external monitors disconnected
Mon May  5 20:07:42 CEST 2025: All external monitors disconnected
Mon May  5 20:07:42 CEST 2025: All external monitors disconnected
Mon May  5 20:07:42 CEST 2025: All external monitors disconnected
Mon May  5 20:07:42 CEST 2025: All external monitors disconnected
Mon May  5 20:07:42 CEST 2025: All external monitors disconnected
Mon May  5 20:07:42 CEST 2025: All external monitors disconnected
Tue May  6 07:43:24 CEST 2025: All external monitors disconnected
Tue May  6 07:43:24 CEST 2025: All external monitors disconnected
Tue May  6 07:43:24 CEST 2025: All external monitors disconnected
Tue May  6 07:43:24 CEST 2025: All external monitors disconnected
Tue May  6 07:43:24 CEST 2025: All external monitors disconnected
Tue May  6 07:43:24 CEST 2025: All external monitors disconnected
Tue May  6 07:43:24 CEST 2025: All external monitors disconnected
Tue May  6 07:43:24 CEST 2025: All external monitors disconnected
Tue May  6 07:43:24 CEST 2025: All external monitors disconnected
Tue May  6 07:43:24 CEST 2025: All external monitors disconnected
Tue May  6 07:47:13 CEST 2025: All external monitors disconnected
Tue May  6 07:47:13 CEST 2025: All external monitors disconnected
Tue May  6 07:47:13 CEST 2025: All external monitors disconnected
Tue May  6 07:47:13 CEST 2025: All external monitors disconnected
Tue May  6 07:47:13 CEST 2025: All external monitors disconnected
Tue May  6 07:47:13 CEST 2025: All external monitors disconnected
Tue May  6 07:47:13 CEST 2025: All external monitors disconnected
Tue May  6 07:47:13 CEST 2025: All external monitors disconnected
Tue May  6 07:47:13 CEST 2025: All external monitors disconnected
Tue May  6 07:47:13 CEST 2025: All external monitors disconnected
Tue May  6 07:47:13 CEST 2025: All external monitors disconnected
Tue May  6 07:47:13 CEST 2025: All external monitors disconnected
